0 info it worked if it ends with ok
1 verbose cli [ 'E:\\nodejs\\node.exe',
1 verbose cli   'E:\\nodejs\\node_modules\\npm\\bin\\npm-cli.js',
1 verbose cli   'start' ]
2 info using npm@3.10.10
3 info using node@v6.9.4
4 verbose run-script [ 'prestart', 'start', 'poststart' ]
5 info lifecycle server1@0.0.0~prestart: server1@0.0.0
6 silly lifecycle server1@0.0.0~prestart: no script for prestart, continuing
7 info lifecycle server1@0.0.0~start: server1@0.0.0
8 verbose lifecycle server1@0.0.0~start: unsafe-perm in lifecycle true
9 verbose lifecycle server1@0.0.0~start: PATH: E:\nodejs\node_modules\npm\bin\node-gyp-bin;E:\Personal\Projects\Distributed\Server1\node_modules\.bin;C:\Program Files (x86)\Intel\iCLS Client\;C:\Program Files\Intel\iCLS Client\;C:\Windows\system32;C:\Windows;C:\Windows\System32\Wbem;C:\Windows\System32\WindowsPowerShell\v1.0\;C:\Program Files (x86)\NVIDIA Corporation\PhysX\Common;C:\Program Files (x86)\Intel\Intel(R) Management Engine Components\DAL;C:\Program Files\Intel\Intel(R) Management Engine Components\DAL;C:\Program Files (x86)\Intel\Intel(R) Management Engine Components\IPT;C:\Program Files\Intel\Intel(R) Management Engine Components\IPT;C:\Program Files\Intel\WiFi\bin\;C:\Program Files\Common Files\Intel\WirelessCommon\;C:\Windows\system32;C:\Windows;C:\Windows\System32\Wbem;C:\Windows\System32\WindowsPowerShell\v1.0\;E:\nodejs\;E:\Git\cmd;E:\MongoDB\Server\3.4\bin;E:\Python27;E:\Anaconda2;E:\Anaconda2\Scripts;E:\Anaconda2\Library\bin;C:\Users\Domin8R\AppData\Local\Microsoft\WindowsApps;C:\Users\Domin8R\AppData\Roaming\npm;C:\Users\Domin8R\AppData\Local\atom\bin
10 verbose lifecycle server1@0.0.0~start: CWD: E:\Personal\Projects\Distributed\Server1
11 silly lifecycle server1@0.0.0~start: Args: [ '/d /s /c', 'node app.js' ]
12 silly lifecycle server1@0.0.0~start: Returned: code: 3221225786  signal: null
13 info lifecycle server1@0.0.0~start: Failed to exec start script
14 verbose stack Error: server1@0.0.0 start: `node app.js`
14 verbose stack Exit status 3221225786
14 verbose stack     at EventEmitter.<anonymous> (E:\nodejs\node_modules\npm\lib\utils\lifecycle.js:255:16)
14 verbose stack     at emitTwo (events.js:106:13)
14 verbose stack     at EventEmitter.emit (events.js:191:7)
14 verbose stack     at ChildProcess.<anonymous> (E:\nodejs\node_modules\npm\lib\utils\spawn.js:40:14)
14 verbose stack     at emitTwo (events.js:106:13)
14 verbose stack     at ChildProcess.emit (events.js:191:7)
14 verbose stack     at maybeClose (internal/child_process.js:877:16)
14 verbose stack     at Process.ChildProcess._handle.onexit (internal/child_process.js:226:5)
15 verbose pkgid server1@0.0.0
16 verbose cwd E:\Personal\Projects\Distributed\Server1
17 error Windows_NT 10.0.14393
18 error argv "E:\\nodejs\\node.exe" "E:\\nodejs\\node_modules\\npm\\bin\\npm-cli.js" "start"
19 error node v6.9.4
20 error npm  v3.10.10
21 error code ELIFECYCLE
22 error server1@0.0.0 start: `node app.js`
22 error Exit status 3221225786
23 error Failed at the server1@0.0.0 start script 'node app.js'.
23 error Make sure you have the latest version of node.js and npm installed.
23 error If you do, this is most likely a problem with the server1 package,
23 error not with npm itself.
23 error Tell the author that this fails on your system:
23 error     node app.js
23 error You can get information on how to open an issue for this project with:
23 error     npm bugs server1
23 error Or if that isn't available, you can get their info via:
23 error     npm owner ls server1
23 error There is likely additional logging output above.
24 verbose exit [ 1, true ]
